#
# There is insufficient memory for the Java Runtime Environment to continue.
# Native memory allocation (malloc) failed to allocate 32744 bytes for ChunkPool::allocate
# Possible reasons:
#   The system is out of physical RAM or swap space
#   In 32 bit mode, the process size limit was hit
# Possible solutions:
#   Reduce memory load on the system
#   Increase physical memory or swap space
#   Check if swap backing store is full
#   Use 64 bit Java on a 64 bit OS
#   Decrease Java heap size (-Xmx/-Xms)
#   Decrease number of Java threads
#   Decrease Java thread stack sizes (-Xss)
#   Set larger code cache with -XX:ReservedCodeCacheSize=
# This output file may be truncated or incomplete.
#
#  Out of Memory Error (allocation.cpp:273), pid=5604, tid=0x0000000000002a3c
#
# JRE version: Java(TM) SE Runtime Environment (8.0_151-b12) (build 1.8.0_151-b12)
# Java VM: Java HotSpot(TM) 64-Bit Server VM (25.151-b12 mixed mode windows-amd64 compressed oops)
# Failed to write core dump. Minidumps are not enabled by default on client versions of Windows
#

---------------  T H R E A D  ---------------

Current thread (0x00000000155e3800):  JavaThread "C1 CompilerThread2" daemon [_thread_in_native, id=10812, stack(0x0000000016e30000,0x0000000016f30000)]

Stack: [0x0000000016e30000,0x0000000016f30000]
[error occurred during error reporting (printing stack bounds), id 0xc0000005]

Native frames: (J=compiled Java code, j=interpreted, Vv=VM code, C=native code)


Current CompileTask:
C1:    181  135       3       sun.nio.cs.UTF_8$Decoder::decode (779 bytes)


---------------  P R O C E S S  ---------------

Java Threads: ( => current thread )
  0x0000000016f71000 JavaThread "Service Thread" daemon [_thread_blocked, id=7780, stack(0x0000000017330000,0x0000000017430000)]
=>0x00000000155e3800 JavaThread "C1 CompilerThread2" daemon [_thread_in_native, id=10812, stack(0x0000000016e30000,0x0000000016f30000)]
  0x00000000155e0800 JavaThread "C2 CompilerThread1" daemon [_thread_in_native, id=8692, stack(0x0000000016d30000,0x0000000016e30000)]
  0x00000000155dd800 JavaThread "C2 CompilerThread0" daemon [_thread_blocked, id=9932, stack(0x0000000016c30000,0x0000000016d30000)]
  0x00000000155db800 JavaThread "Attach Listener" daemon [_thread_blocked, id=8420, stack(0x0000000016b30000,0x0000000016c30000)]
  0x00000000155da000 JavaThread "Signal Dispatcher" daemon [_thread_blocked, id=4984, stack(0x0000000016a30000,0x0000000016b30000)]
  0x0000000002f0a000 JavaThread "Finalizer" daemon [_thread_blocked, id=5736, stack(0x0000000016840000,0x0000000016940000)]
  0x0000000002f01000 JavaThread "Reference Handler" daemon [_thread_blocked, id=8000, stack(0x0000000016740000,0x0000000016840000)]
  0x0000000002d0e000 JavaThread "main" [_thread_in_vm, id=14044, stack(0x0000000002d10000,0x0000000002e10000)]

Other Threads:
  0x00000000155a7800 VMThread [stack: 0x0000000016640000,0x0000000016740000] [id=9064]
  0x0000000016f73000 WatcherThread [stack: 0x0000000017430000,0x0000000017530000] [id=11000]

VM state:not at safepoint (normal execution)

VM Mutex/Monitor currently owned by a thread: None

Heap:
 PSYoungGen      total 37888K, used 3315K [0x00000000eab00000, 0x00000000ed500000, 0x0000000100000000)
  eden space 32768K, 10% used [0x00000000eab00000,0x00000000eae3cd40,0x00000000ecb00000)
  from space 5120K, 0% used [0x00000000ed000000,0x00000000ed000000,0x00000000ed500000)
  to   space 5120K, 0% used [0x00000000ecb00000,0x00000000ecb00000,0x00000000ed000000)
 ParOldGen       total 86016K, used 0K [0x00000000c0000000, 0x00000000c5400000, 0x00000000eab00000)
  object space 86016K, 0% used [0x00000000c0000000,0x00000000c0000000,0x00000000c5400000)
 Metaspace       used 3824K, capacity 4880K, committed 5120K, reserved 1056768K
  class space    used 428K, capacity 456K, committed 512K, reserved 1048576K

Card table byte_map: [0x00000000122d0000,0x00000000124e0000] byte_map_base: 0x0000000011cd0000

Marking Bits: (ParMarkBitMap*) 0x0000000068bbd850
 Begin Bits: [0x0000000012a40000, 0x0000000013a40000)
 End Bits:   [0x0000000013a40000, 0x0000000014a40000)

Polling page: 0x0000000002c30000

CodeCache: size=245760Kb used=1331Kb max_used=1331Kb free=244429Kb
 bounds [0x0000000002f10000, 0x0000000003180000, 0x0000000011f10000]
 total_blobs=388 nmethods=133 adapters=168
 compilation: enabled

Compilation events (10 events):
Event: 0.169 Thread 0x00000000155e3800 nmethod 128 0x000000000305a910 code [0x000000000305ac80, 0x000000000305cfd8]
Event: 0.169 Thread 0x00000000155e3800  129       3       java.lang.ClassLoader::getClassLoadingLock (35 bytes)
Event: 0.169 Thread 0x00000000155e3800 nmethod 129 0x0000000003056050 code [0x00000000030561e0, 0x00000000030565a8]
Event: 0.169 Thread 0x00000000155e3800  131   !   3       java.lang.ref.ReferenceQueue::poll (28 bytes)
Event: 0.170 Thread 0x00000000155e3800 nmethod 131 0x0000000003057f10 code [0x0000000003058080, 0x00000000030583e8]
Event: 0.170 Thread 0x00000000155e3800  132  s    3       java.lang.StringBuffer::append (13 bytes)
Event: 0.171 Thread 0x00000000155e3800 nmethod 132 0x0000000003057990 code [0x0000000003057b00, 0x0000000003057e28]
Event: 0.171 Thread 0x00000000155e3800  133       3       java.lang.String::concat (47 bytes)
Event: 0.172 Thread 0x00000000155e3800 nmethod 133 0x0000000003059c10 code [0x0000000003059de0, 0x000000000305a598]
Event: 0.172 Thread 0x00000000155e3800  135       3       sun.nio.cs.UTF_8$Decoder::decode (779 bytes)

GC Heap History (0 events):
No events

Deoptimization events (0 events):
No events

Internal exceptions (2 events):
Event: 0.028 Thread 0x0000000002d0e000 Exception <a 'java/lang/NoSuchMethodError': Method sun.misc.Unsafe.defineClass(Ljava/lang/String;[BII)Ljava/lang/Class; name or signature does not match> (0x00000000eab07ca8) thrown at [C:\re\workspace\8-2-build-windows-amd64-cygwin\jdk8u151\9699\hotspot\
Event: 0.028 Thread 0x0000000002d0e000 Exception <a 'java/lang/NoSuchMethodError': Method sun.misc.Unsafe.prefetchRead(Ljava/lang/Object;J)V name or signature does not match> (0x00000000eab07f90) thrown at [C:\re\workspace\8-2-build-windows-amd64-cygwin\jdk8u151\9699\hotspot\src\share\vm\prims

Events (10 events):
Event: 0.172 loading class com/android/dx/rop/cst/CstInterfaceMethodRef
Event: 0.172 loading class com/android/dx/rop/cst/CstInterfaceMethodRef done
Event: 0.173 loading class com/android/dx/rop/cst/CstNat
Event: 0.173 loading class com/android/dx/rop/cst/CstNat done
Event: 0.173 loading class com/android/dx/rop/cst/CstMethodHandle
Event: 0.173 loading class com/android/dx/rop/cst/CstMethodHandle done
Event: 0.174 loading class com/android/dx/rop/cst/CstProtoRef
Event: 0.174 loading class com/android/dx/rop/cst/CstProtoRef done
Event: 0.174 loading class com/android/dx/rop/cst/CstInvokeDynamic
Event: 0.174 loading class com/android/dx/rop/cst/CstInvokeDynamic done


Dynamic libraries:
0x00007ff7a2520000 - 0x00007ff7a2557000 	C:\Program Files\Java\jdk1.8.0_151\bin\java.exe
0x00007ffd6aa30000 - 0x00007ffd6ac0b000 	C:\WINDOWS\SYSTEM32\ntdll.dll
0x00007ffd69700000 - 0x00007ffd697ae000 	C:\WINDOWS\System32\KERNEL32.DLL
0x00007ffd679e0000 - 0x00007ffd67c29000 	C:\WINDOWS\System32\KERNELBASE.dll
0x00007ffd6a470000 - 0x00007ffd6a511000 	C:\WINDOWS\System32\ADVAPI32.dll
0x00007ffd6a990000 - 0x00007ffd6aa2d000 	C:\WINDOWS\System32\msvcrt.dll
0x00007ffd69980000 - 0x00007ffd699d9000 	C:\WINDOWS\System32\sechost.dll
0x00007ffd695d0000 - 0x00007ffd696f5000 	C:\WINDOWS\System32\RPCRT4.dll
0x00007ffd693d0000 - 0x00007ffd6951a000 	C:\WINDOWS\System32\USER32.dll
0x00007ffd67c80000 - 0x00007ffd67c9e000 	C:\WINDOWS\System32\win32u.dll
0x00007ffd699e0000 - 0x00007ffd69a07000 	C:\WINDOWS\System32\GDI32.dll
0x00007ffd67ca0000 - 0x00007ffd67e27000 	C:\WINDOWS\System32\gdi32full.dll
0x00007ffd67940000 - 0x00007ffd679da000 	C:\WINDOWS\System32\msvcp_win.dll
0x00007ffd67e90000 - 0x00007ffd67f86000 	C:\WINDOWS\System32\ucrtbase.dll
0x00007ffd59f80000 - 0x00007ffd5a1e7000 	C:\WINDOWS\WinSxS\amd64_microsoft.windows.common-controls_6595b64144ccf1df_6.0.15063.483_none_26002d27e7c744a2\COMCTL32.dll
0x00007ffd69a80000 - 0x00007ffd69d79000 	C:\WINDOWS\System32\combase.dll
0x00007ffd66f50000 - 0x00007ffd66fba000 	C:\WINDOWS\System32\bcryptPrimitives.dll
0x00007ffd6a520000 - 0x00007ffd6a54d000 	C:\WINDOWS\System32\IMM32.DLL
0x0000000068c40000 - 0x0000000068d12000 	C:\Program Files\Java\jdk1.8.0_151\jre\bin\msvcr100.dll
0x00000000683a0000 - 0x0000000068c3d000 	C:\Program Files\Java\jdk1.8.0_151\jre\bin\server\jvm.dll
0x00007ffd695a0000 - 0x00007ffd695a8000 	C:\WINDOWS\System32\PSAPI.DLL
0x00007ffd642e0000 - 0x00007ffd64303000 	C:\WINDOWS\SYSTEM32\WINMM.dll
0x00007ffd639b0000 - 0x00007ffd639b9000 	C:\WINDOWS\SYSTEM32\WSOCK32.dll
0x00007ffd69a10000 - 0x00007ffd69a7c000 	C:\WINDOWS\System32\WS2_32.dll
0x00007ffd632b0000 - 0x00007ffd632ba000 	C:\WINDOWS\SYSTEM32\VERSION.dll
0x00007ffd64280000 - 0x00007ffd642ab000 	C:\WINDOWS\SYSTEM32\WINMMBASE.dll
0x00007ffd67c30000 - 0x00007ffd67c79000 	C:\WINDOWS\System32\cfgmgr32.dll
0x0000000068390000 - 0x000000006839f000 	C:\Program Files\Java\jdk1.8.0_151\jre\bin\verify.dll
0x0000000068360000 - 0x0000000068389000 	C:\Program Files\Java\jdk1.8.0_151\jre\bin\java.dll
0x0000000068340000 - 0x0000000068356000 	C:\Program Files\Java\jdk1.8.0_151\jre\bin\zip.dll
0x00007ffd67f90000 - 0x00007ffd693c7000 	C:\WINDOWS\System32\SHELL32.dll
0x00007ffd69d80000 - 0x00007ffd69e2a000 	C:\WINDOWS\System32\shcore.dll
0x00007ffd67070000 - 0x00007ffd67761000 	C:\WINDOWS\System32\windows.storage.dll
0x00007ffd697b0000 - 0x00007ffd69801000 	C:\WINDOWS\System32\shlwapi.dll
0x00007ffd66f30000 - 0x00007ffd66f41000 	C:\WINDOWS\System32\kernel.appcore.dll
0x00007ffd66ee0000 - 0x00007ffd66f2c000 	C:\WINDOWS\System32\powrprof.dll
0x00007ffd66ea0000 - 0x00007ffd66eb5000 	C:\WINDOWS\System32\profapi.dll

VM Arguments:
jvm_args: -Djava.awt.headless=true -Xmx1024M -Dfile.encoding=windows-1252 -Duser.country=US -Duser.language=en -Duser.variant 
java_command: com.android.dx.command.Main --dex --force-jumbo --num-threads=4 --multi-dex --output E:\WORK\android\PROJECTS\tochal\tochal\app\build\intermediates\transforms\dex\debug\folders\1000\10\com.daimajia.swipelayout-library-1.2.0_f9c6c1e53755562ad162c0140fea173afb0860ef E:\WORK\android\PROJECTS\tochal\tochal\app\build\intermediates\exploded-aar\com.daimajia.swipelayout\library\1.2.0\jars\classes.jar
java_class_path (initial): E:\WORK\android\SDK\build-tools\27.0.2\lib\dx.jar
Launcher Type: SUN_STANDARD

Environment Variables:
JAVA_HOME=C:\Program Files (x86)\Java\jdk1.7.0_21
PATH=C:\ProgramData\Oracle\Java\javapath;C:\Program Files (x86)\Intel\iCLS Client\;C:\Program Files\Intel\iCLS Client\;C:\Windows\system32;C:\Windows;C:\Windows\System32\Wbem;C:\Windows\System32\WindowsPowerShell\v1.0\;C:\Program Files (x86)\Intel\Intel(R) Management Engine Components\DAL;C:\Program Files\Intel\Intel(R) Management Engine Components\DAL;C:\Program Files (x86)\Intel\Intel(R) Management Engine Components\IPT;C:\Program Files\Intel\Intel(R) Management Engine Components\IPT;C:\Program Files (x86)\NVIDIA Corporation\PhysX\Common;C:\Program Files\Git\cmd;C:\Program Files\nodejs\;C:\ProgramData\ComposerSetup\bin;C:\WINDOWS\system32;C:\WINDOWS;C:\WINDOWS\System32\Wbem;C:\WINDOWS\System32\WindowsPowerShell\v1.0\;C:\Program Files\PuTTY\;C:\wamp64\bin\php\php7.0.0\;C:\Users\mehdi\AppData\Roaming\Composer\vendor\bin;C:\Users\mehdi\AppData\Local\Microsoft\WindowsApps;
USERNAME=mehdi
OS=Windows_NT
PROCESSOR_IDENTIFIER=Intel64 Family 6 Model 78 Stepping 3, GenuineIntel



---------------  S Y S T E M  ---------------

OS: Windows 10.0 , 64 bit Build 15063 (10.0.15063.296)

CPU:total 4 (initial active 4) (2 cores per cpu, 2 threads per core) family 6 model 78 stepping 3, cmov, cx8, fxsr, mmx, sse, sse2, sse3, ssse3, sse4.1, sse4.2, popcnt, avx, avx2, aes, clmul, erms, 3dnowpref, lzcnt, ht, tsc, tscinvbit, bmi1, bmi2, adx

Memory: 4k page, physical 8249212k(1451780k free), swap 18534252k(4500k free)

vm_info: Java HotSpot(TM) 64-Bit Server VM (25.151-b12) for windows-amd64 JRE (1.8.0_151-b12), built on Sep  5 2017 19:33:46 by "java_re" with MS VC++ 10.0 (VS2010)

time: Mon Dec 11 21:47:07 2017
elapsed time: 0 seconds (0d 0h 0m 0s)

